CATACAAAAA
CATAATAAAA
CATATTAAAA
CATAGTAAAA
CAAACTAAAA
AATACTAAAA
TATACTAAAA
GATACTAAAA
CATACTAAAA
CTTACTAAAA
CGTACTAAAA
CCTACTAAAA
CAGACTAAAA
CACACTAAAA
CATTCTAAAA
CATGCTAAAA
CATCCTAAAA
CATACGAAAA
CATACCAAAA
CATACTTAAA
CATACTGAAA
CATACTCAAA
CATACTATAA
CATACTAGAA
CATACTACAA
CATAAAAATA
CATATAAATA
CATAGAAATA
CAAACAAATA
AATACAAATA
TATACAAATA
GATACAAATA
CATACAAATA
CTTACAAATA
CGTACAAATA
CCTACAAATA
CAGACAAATA
CACACAAATA
CATTCAAATA
CATGCAAATA
CATCCAAATA
CAAAATAATA
AATAATAATA
TATAATAATA
GATAATAATA
CATAATAATA
CTTAATAATA
CGTAATAATA
CCTAATAATA
CAGAATAATA
CACAATAATA
CATTATAATA
CATGATAATA
CATCATAATA
CAAATTAATA
AATATTAATA
TATATTAATA
GATATTAATA
CATATTAATA
CTTATTAATA
CGTATTAATA
CCTATTAATA
CAGATTAATA
CACATTAATA
CATTTTAATA
CATGTTAATA
CATCTTAATA
CAAAGTAATA
AATAGTAATA
TATAGTAATA
GATAGTAATA
CATAGTAATA
CTTAGTAATA
CGTAGTAATA
CCTAGTAATA
CAGAGTAATA
CACAGTAATA
CATTGTAATA
CATGGTAATA
CATCGTAATA
AAAACTAATA
TAAACTAATA
GAAACTAATA
CAAACTAATA
CTAACTAATA
CGAACTAATA
CCAACTAATA
AATACTAATA
TATACTAATA
GATACTAATA
CATACTAATA
ATTACTAATA
TTTACTAATA
GTTACTAATA
CTTACTAATA
AGTACTAATA
TGTACTAATA
GGTACTAATA
CGTACTAATA
ACTACTAATA
TCTACTAATA
GCTACTAATA
CCTACTAATA
AAGACTAATA
TAGACTAATA
GAGACTAATA
CAGACTAATA
CTGACTAATA
CGGACTAATA
CCGACTAATA
AACACTAATA
TACACTAATA
GACACTAATA
CACACTAATA
CTCACTAATA
CGCACTAATA
CCCACTAATA
CAATCTAATA
AATTCTAATA
TATTCTAATA
GATTCTAATA
CATTCTAATA
CTTTCTAATA
CGTTCTAATA
CCTTCTAATA
CAGTCTAATA
CACTCTAATA
CAAGCTAATA
AATGCTAATA
TATGCTAATA
GATGCTAATA
CATGCTAATA
CTTGCTAATA
CGTGCTAATA
CCTGCTAATA
CAGGCTAATA
CACGCTAATA
CAACCTAATA
AATCCTAATA
TATCCTAATA
GATCCTAATA
CATCCTAATA
CTTCCTAATA
CGTCCTAATA
CCTCCTAATA
CAGCCTAATA
CACCCTAATA
CATAAGAATA
CATATGAATA
CATAGGAATA
CAAACGAATA
AATACGAATA
TATACGAATA
GATACGAATA
CATACGAATA
CTTACGAATA
CGTACGAATA
CCTACGAATA
CAGACGAATA
CACACGAATA
CATTCGAATA
CATGCGAATA
CATCCGAATA
CATAACAATA
CATATCAATA
CATAGCAATA
CAAACCAATA
AATACCAATA
TATACCAATA
GATACCAATA
CATACCAATA
CTTACCAATA
CGTACCAATA
CCTACCAATA
CAGACCAATA
CACACCAATA
CATTCCAATA
CATGCCAATA
CATCCCAATA
CATACATATA
CATAATTATA
CATATTTATA
CATAGTTATA
CAAACTTATA
AATACTTATA
TATACTTATA
GATACTTATA
CATACTTATA
CTTACTTATA
CGTACTTATA
CCTACTTATA
CAGACTTATA
CACACTTATA
CATTCTTATA
CATGCTTATA
CATCCTTATA
CATACGTATA
CATACCTATA
CATACAGATA
CATAATGATA
CATATTGATA
CATAGTGATA
CAAACTGATA
AATACTGATA
TATACTGATA
GATACTGATA
CATACTGATA
CTTACTGATA
CGTACTGATA
CCTACTGATA
CAGACTGATA
CACACTGATA
CATTCTGATA
CATGCTGATA
CATCCTGATA
CATACGGATA
CATACCGATA
CATACACATA
CATAATCATA
CATATTCATA
CATAGTCATA
CAAACTCATA
AATACTCATA
TATACTCATA
GATACTCATA
CATACTCATA
CTTACTCATA
CGTACTCATA
CCTACTCATA
CAGACTCATA
CACACTCATA
CATTCTCATA
CATGCTCATA
CATCCTCATA
CATACGCATA
CATACCCATA
CATACAATTA
CATAATATTA
CATATTATTA
CATAGTATTA
CAAACTATTA
AATACTATTA
TATACTATTA
GATACTATTA
CATACTATTA
CTTACTATTA
CGTACTATTA
CCTACTATTA
CAGACTATTA
CACACTATTA
CATTCTATTA
CATGCTATTA
CATCCTATTA
CATACGATTA
CATACCATTA
CATACTTTTA
CATACTGTTA
CATACTCTTA
CATACAAGTA
CATAATAGTA
CATATTAGTA
CATAGTAGTA
CAAACTAGTA
AATACTAGTA
TATACTAGTA
GATACTAGTA
CATACTAGTA
CTTACTAGTA
CGTACTAGTA
CCTACTAGTA
CAGACTAGTA
CACACTAGTA
CATTCTAGTA
CATGCTAGTA
CATCCTAGTA
CATACGAGTA
CATACCAGTA
CATACTTGTA
CATACTGGTA
CATACTCGTA
CATACAACTA
CATAATACTA
CATATTACTA
CATAGTACTA
CAAACTACTA
AATACTACTA
TATACTACTA
GATACTACTA
CATACTACTA
CTTACTACTA
CGTACTACTA
CCTACTACTA
CAGACTACTA
CACACTACTA
CATTCTACTA
CATGCTACTA
CATCCTACTA
CATACGACTA
CATACCACTA
CATACTTCTA
CATACTGCTA
CATACTCCTA
CATACAAAGA
CATAATAAGA
CATATTAAGA
CATAGTAAGA
CAAACTAAGA
AATACTAAGA
TATACTAAGA
GATACTAAGA
CATACTAAGA
CTTACTAAGA
CGTACTAAGA
CCTACTAAGA
CAGACTAAGA
CACACTAAGA
CATTCTAAGA
CATGCTAAGA
CATCCTAAGA
CATACGAAGA
CATACCAAGA
CATACTTAGA
CATACTGAGA
CATACTCAGA
CATACTATGA
CATACTAGGA
CATACTACGA
CATACAAACA
CATAATAACA
CATATTAACA
CATAGTAACA
CAAACTAACA
AATACTAACA
TATACTAACA
GATACTAACA
CATACTAACA
CTTACTAACA
CGTACTAACA
CCTACTAACA
CAGACTAACA
CACACTAACA
CATTCTAACA
CATGCTAACA
CATCCTAACA
CATACGAACA
CATACCAACA
CATACTTACA
CATACTGACA
CATACTCACA
CATACTATCA
CATACTAGCA
CATACTACCA
CATACAAAAT
CATAATAAAT
CATATTAAAT
CATAGTAAAT
CAAACTAAAT
AATACTAAAT
TATACTAAAT
GATACTAAAT
CATACTAAAT
CTTACTAAAT
CGTACTAAAT
CCTACTAAAT
CAGACTAAAT
CACACTAAAT
CATTCTAAAT
CATGCTAAAT
CATCCTAAAT
CATACGAAAT
CATACCAAAT
CATACTTAAT
CATACTGAAT
CATACTCAAT
CATACTATAT
CATACTAGAT
CATACTACAT
CATAAAAATT
CATATAAATT
CATAGAAATT
CAAACAAATT
AATACAAATT
TATACAAATT
GATACAAATT
CATACAAATT
CTTACAAATT
CGTACAAATT
CCTACAAATT
CAGACAAATT
CACACAAATT
CATTCAAATT
CATGCAAATT
CATCCAAATT
CAAAATAATT
AATAATAATT
TATAATAATT
GATAATAATT
CATAATAATT
CTTAATAATT
CGTAATAATT
CCTAATAATT
CAGAATAATT
CACAATAATT
CATTATAATT
CATGATAATT
CATCATAATT
CAAATTAATT
AATATTAATT
TATATTAATT
GATATTAATT
CATATTAATT
CTTATTAATT
CGTATTAATT
CCTATTAATT
CAGATTAATT
CACATTAATT
CATTTTAATT
CATGTTAATT
CATCTTAATT
CAAAGTAATT
AATAGTAATT
TATAGTAATT
GATAGTAATT
CATAGTAATT
CTTAGTAATT
CGTAGTAATT
CCTAGTAATT
CAGAGTAATT
CACAGTAATT
CATTGTAATT
CATGGTAATT
CATCGTAATT
AAAACTAATT
TAAACTAATT
GAAACTAATT
CAAACTAATT
CTAACTAATT
CGAACTAATT
CCAACTAATT
AATACTAATT
TATACTAATT
GATACTAATT
CATACTAATT
ATTACTAATT
TTTACTAATT
GTTACTAATT
CTTACTAATT
AGTACTAATT
TGTACTAATT
GGTACTAATT
CGTACTAATT
ACTACTAATT
TCTACTAATT
GCTACTAATT
CCTACTAATT
AAGACTAATT
TAGACTAATT
GAGACTAATT
CAGACTAATT
CTGACTAATT
CGGACTAATT
CCGACTAATT
AACACTAATT
TACACTAATT
GACACTAATT
CACACTAATT
CTCACTAATT
CGCACTAATT
CCCACTAATT
CAATCTAATT
AATTCTAATT
TATTCTAATT
GATTCTAATT
CATTCTAATT
CTTTCTAATT
CGTTCTAATT
CCTTCTAATT
CAGTCTAATT
CACTCTAATT
CAAGCTAATT
AATGCTAATT
TATGCTAATT
GATGCTAATT
CATGCTAATT
CTTGCTAATT
CGTGCTAATT
CCTGCTAATT
CAGGCTAATT
CACGCTAATT
CAACCTAATT
AATCCTAATT
TATCCTAATT
GATCCTAATT
CATCCTAATT
CTTCCTAATT
CGTCCTAATT
CCTCCTAATT
CAGCCTAATT
CACCCTAATT
CATAAGAATT
CATATGAATT
CATAGGAATT
CAAACGAATT
AATACGAATT
TATACGAATT
GATACGAATT
CATACGAATT
CTTACGAATT
CGTACGAATT
CCTACGAATT
CAGACGAATT
CACACGAATT
CATTCGAATT
CATGCGAATT
CATCCGAATT
CATAACAATT
CATATCAATT
CATAGCAATT
CAAACCAATT
AATACCAATT
TATACCAATT
GATACCAATT
CATACCAATT
CTTACCAATT
CGTACCAATT
CCTACCAATT
CAGACCAATT
CACACCAATT
CATTCCAATT
CATGCCAATT
CATCCCAATT
CATACATATT
CATAATTATT
CATATTTATT
CATAGTTATT
CAAACTTATT
AATACTTATT
TATACTTATT
GATACTTATT
CATACTTATT
CTTACTTATT
CGTACTTATT
CCTACTTATT
CAGACTTATT
CACACTTATT
CATTCTTATT
CATGCTTATT
CATCCTTATT
CATACGTATT
CATACCTATT
CATACAGATT
CATAATGATT
CATATTGATT
CATAGTGATT
CAAACTGATT
AATACTGATT
TATACTGATT
GATACTGATT
CATACTGATT
CTTACTGATT
CGTACTGATT
CCTACTGATT
CAGACTGATT
CACACTGATT
CATTCTGATT
CATGCTGATT
CATCCTGATT
CATACGGATT
CATACCGATT
CATACACATT
CATAATCATT
CATATTCATT
CATAGTCATT
CAAACTCATT
AATACTCATT
TATACTCATT
GATACTCATT
CATACTCATT
CTTACTCATT
CGTACTCATT
CCTACTCATT
CAGACTCATT
CACACTCATT
CATTCTCATT
CATGCTCATT
CATCCTCATT
CATACGCATT
CATACCCATT
CATACAATTT
CATAATATTT
CATATTATTT
CATAGTATTT
CAAACTATTT
AATACTATTT
TATACTATTT
GATACTATTT
CATACTATTT
CTTACTATTT
CGTACTATTT
CCTACTATTT
CAGACTATTT
CACACTATTT
CATTCTATTT
CATGCTATTT
CATCCTATTT
CATACGATTT
CATACCATTT
CATACTTTTT
CATACTGTTT
CATACTCTTT
CATACAAGTT
CATAATAGTT
CATATTAGTT
CATAGTAGTT
CAAACTAGTT
AATACTAGTT
TATACTAGTT
GATACTAGTT
CATACTAGTT
CTTACTAGTT
CGTACTAGTT
CCTACTAGTT
CAGACTAGTT
CACACTAGTT
CATTCTAGTT
CATGCTAGTT
CATCCTAGTT
CATACGAGTT
CATACCAGTT
CATACTTGTT
CATACTGGTT
CATACTCGTT
CATACAACTT
CATAATACTT
CATATTACTT
CATAGTACTT
CAAACTACTT
AATACTACTT
TATACTACTT
GATACTACTT
CATACTACTT
CTTACTACTT
CGTACTACTT
CCTACTACTT
CAGACTACTT
CACACTACTT
CATTCTACTT
CATGCTACTT
CATCCTACTT
CATACGACTT
CATACCACTT
CATACTTCTT
CATACTGCTT
CATACTCCTT
CATACAAAGT
CATAATAAGT
CATATTAAGT
CATAGTAAGT
CAAACTAAGT
AATACTAAGT
TATACTAAGT
GATACTAAGT
CATACTAAGT
CTTACTAAGT
CGTACTAAGT
CCTACTAAGT
CAGACTAAGT
CACACTAAGT
CATTCTAAGT
CATGCTAAGT
CATCCTAAGT
CATACGAAGT
CATACCAAGT
CATACTTAGT
CATACTGAGT
CATACTCAGT
CATACTATGT
CATACTAGGT
CATACTACGT
CATACAAACT
CATAATAACT
CATATTAACT
CATAGTAACT
CAAACTAACT
AATACTAACT
TATACTAACT
GATACTAACT
CATACTAACT
CTTACTAACT
CGTACTAACT
CCTACTAACT
CAGACTAACT
CACACTAACT
CATTCTAACT
CATGCTAACT
CATCCTAACT
CATACGAACT
CATACCAACT
CATACTTACT
CATACTGACT
CATACTCACT
CATACTATCT
CATACTAGCT
CATACTACCT
CATAAAAAAG
CATATAAAAG
CATAGAAAAG
CAAACAAAAG
AATACAAAAG
TATACAAAAG
GATACAAAAG
CATACAAAAG
CTTACAAAAG
CGTACAAAAG
CCTACAAAAG
CAGACAAAAG
CACACAAAAG
CATTCAAAAG
CATGCAAAAG
CATCCAAAAG
CAAAATAAAG
AATAATAAAG
TATAATAAAG
GATAATAAAG
CATAATAAAG
CTTAATAAAG
CGTAATAAAG
CCTAATAAAG
CAGAATAAAG
CACAATAAAG
CATTATAAAG
CATGATAAAG
CATCATAAAG
CAAATTAAAG
AATATTAAAG
TATATTAAAG
GATATTAAAG
CATATTAAAG
CTTATTAAAG
CGTATTAAAG
CCTATTAAAG
CAGATTAAAG
CACATTAAAG
CATTTTAAAG
CATGTTAAAG
CATCTTAAAG
CAAAGTAAAG
AATAGTAAAG
TATAGTAAAG
GATAGTAAAG
CATAGTAAAG
CTTAGTAAAG
CGTAGTAAAG
CCTAGTAAAG
CAGAGTAAAG
CACAGTAAAG
CATTGTAAAG
CATGGTAAAG
CATCGTAAAG
AAAACTAAAG
TAAACTAAAG
GAAACTAAAG
CAAACTAAAG
CTAACTAAAG
CGAACTAAAG
CCAACTAAAG
AATACTAAAG
TATACTAAAG
GATACTAAAG
CATACTAAAG
ATTACTAAAG
TTTACTAAAG
GTTACTAAAG
CTTACTAAAG
AGTACTAAAG
TGTACTAAAG
GGTACTAAAG
CGTACTAAAG
ACTACTAAAG
TCTACTAAAG
GCTACTAAAG
CCTACTAAAG
AAGACTAAAG
TAGACTAAAG
GAGACTAAAG
CAGACTAAAG
CTGACTAAAG
CGGACTAAAG
CCGACTAAAG
AACACTAAAG
TACACTAAAG
GACACTAAAG
CACACTAAAG
CTCACTAAAG
CGCACTAAAG
CCCACTAAAG
CAATCTAAAG
AATTCTAAAG
TATTCTAAAG
GATTCTAAAG
CATTCTAAAG
CTTTCTAAAG
CGTTCTAAAG
CCTTCTAAAG
CAGTCTAAAG
CACTCTAAAG
CAAGCTAAAG
AATGCTAAAG
TATGCTAAAG
GATGCTAAAG
CATGCTAAAG
CTTGCTAAAG
CGTGCTAAAG
CCTGCTAAAG
CAGGCTAAAG
CACGCTAAAG
CAACCTAAAG
AATCCTAAAG
TATCCTAAAG
GATCCTAAAG
CATCCTAAAG
CTTCCTAAAG
CGTCCTAAAG
CCTCCTAAAG
CAGCCTAAAG
CACCCTAAAG
CATAAGAAAG
CATATGAAAG
CATAGGAAAG
CAAACGAAAG
AATACGAAAG
TATACGAAAG
GATACGAAAG
CATACGAAAG
CTTACGAAAG
CGTACGAAAG
CCTACGAAAG
CAGACGAAAG
CACACGAAAG
CATTCGAAAG
CATGCGAAAG
CATCCGAAAG
CATAACAAAG
CATATCAAAG
CATAGCAAAG
CAAACCAAAG
AATACCAAAG
TATACCAAAG
GATACCAAAG
CATACCAAAG
CTTACCAAAG
CGTACCAAAG
CCTACCAAAG
CAGACCAAAG
CACACCAAAG
CATTCCAAAG
CATGCCAAAG
CATCCCAAAG
CATACATAAG
CATAATTAAG
CATATTTAAG
CATAGTTAAG
CAAACTTAAG
AATACTTAAG
TATACTTAAG
GATACTTAAG
CATACTTAAG
CTTACTTAAG
CGTACTTAAG
CCTACTTAAG
CAGACTTAAG
CACACTTAAG
CATTCTTAAG
CATGCTTAAG
CATCCTTAAG
CATACGTAAG
CATACCTAAG
CATACAGAAG
CATAATGAAG
CATATTGAAG
CATAGTGAAG
CAAACTGAAG
AATACTGAAG
TATACTGAAG
GATACTGAAG
CATACTGAAG
CTTACTGAAG
CGTACTGAAG
CCTACTGAAG
CAGACTGAAG
CACACTGAAG
CATTCTGAAG
CATGCTGAAG
CATCCTGAAG
CATACGGAAG
CATACCGAAG
CATACACAAG
CATAATCAAG
CATATTCAAG
CATAGTCAAG
CAAACTCAAG
AATACTCAAG
TATACTCAAG
GATACTCAAG
CATACTCAAG
CTTACTCAAG
CGTACTCAAG
CCTACTCAAG
CAGACTCAAG
CACACTCAAG
CATTCTCAAG
CATGCTCAAG
CATCCTCAAG
CATACGCAAG
CATACCCAAG
CATACAATAG
CATAATATAG
CATATTATAG
CATAGTATAG
CAAACTATAG
AATACTATAG
TATACTATAG
GATACTATAG
CATACTATAG
CTTACTATAG
CGTACTATAG
CCTACTATAG
CAGACTATAG
CACACTATAG
CATTCTATAG
CATGCTATAG
CATCCTATAG
CATACGATAG
CATACCATAG
CATACTTTAG
CATACTGTAG
CATACTCTAG
CATACAAGAG
CATAATAGAG
CATATTAGAG
CATAGTAGAG
CAAACTAGAG
AATACTAGAG
TATACTAGAG
GATACTAGAG
CATACTAGAG
CTTACTAGAG
CGTACTAGAG
CCTACTAGAG
CAGACTAGAG
CACACTAGAG
CATTCTAGAG
CATGCTAGAG
CATCCTAGAG
CATACGAGAG
CATACCAGAG
CATACTTGAG
CATACTGGAG
CATACTCGAG
CATACAACAG
CATAATACAG
CATATTACAG
CATAGTACAG
CAAACTACAG
AATACTACAG
TATACTACAG
GATACTACAG
CATACTACAG
CTTACTACAG
CGTACTACAG
CCTACTACAG
CAGACTACAG
CACACTACAG
CATTCTACAG
CATGCTACAG
CATCCTACAG
CATACGACAG
CATACCACAG
CATACTTCAG
CATACTGCAG
CATACTCCAG
CAAAAAAATG
AATAAAAATG
TATAAAAATG
GATAAAAATG
CATAAAAATG
CTTAAAAATG
CGTAAAAATG
CCTAAAAATG
CAGAAAAATG
CACAAAAATG
CATTAAAATG
CATGAAAATG
CATCAAAATG
CAAATAAATG
AATATAAATG
TATATAAATG
GATATAAATG
CATATAAATG
CTTATAAATG
CGTATAAATG
CCTATAAATG
CAGATAAATG
CACATAAATG
CATTTAAATG
CATGTAAATG
CATCTAAATG
CAAAGAAATG
AATAGAAATG
TATAGAAATG
GATAGAAATG
CATAGAAATG
CTTAGAAATG
CGTAGAAATG
CCTAGAAATG
CAGAGAAATG
CACAGAAATG
CATTGAAATG
CATGGAAATG
CATCGAAATG
AAAACAAATG
TAAACAAATG
GAAACAAATG
CAAACAAATG
CTAACAAATG
CGAACAAATG
CCAACAAATG
AATACAAATG
TATACAAATG
GATACAAATG
CATACAAATG
ATTACAAATG
TTTACAAATG
GTTACAAATG
CTTACAAATG
AGTACAAATG
TGTACAAATG
GGTACAAATG
CGTACAAATG
ACTACAAATG
TCTACAAATG
GCTACAAATG
CCTACAAATG
AAGACAAATG
TAGACAAATG
GAGACAAATG
CAGACAAATG
CTGACAAATG
CGGACAAATG
CCGACAAATG
AACACAAATG
TACACAAATG
GACACAAATG
CACACAAATG
CTCACAAATG
CGCACAAATG
CCCACAAATG
CAATCAAATG
AATTCAAATG
TATTCAAATG
GATTCAAATG
CATTCAAATG
CTTTCAAATG
CGTTCAAATG
CCTTCAAATG
CAGTCAAATG
CACTCAAATG
CAAGCAAATG
AATGCAAATG
TATGCAAATG
GATGCAAATG
CATGCAAATG
CTTGCAAATG
CGTGCAAATG
CCTGCAAATG
CAGGCAAATG
CACGCAAATG
CAACCAAATG
AATCCAAATG
TATCCAAATG
GATCCAAATG
CATCCAAATG
CTTCCAAATG
CGTCCAAATG
CCTCCAAATG
CAGCCAAATG
CACCCAAATG
AAAAATAATG
TAAAATAATG
GAAAATAATG
CAAAATAATG
CTAAATAATG
CGAAATAATG
CCAAATAATG
AATAATAATG
TATAATAATG
GATAATAATG
CATAATAATG
ATTAATAATG
TTTAATAATG
GTTAATAATG
CTTAATAATG
AGTAATAATG
TGTAATAATG
GGTAATAATG
CGTAATAATG
ACTAATAATG
TCTAATAATG
GCTAATAATG
CCTAATAATG
AAGAATAATG
TAGAATAATG
GAGAATAATG
CAGAATAATG
CTGAATAATG
CGGAATAATG
CCGAATAATG
AACAATAATG
TACAATAATG
GACAATAATG
CACAATAATG
CTCAATAATG
CGCAATAATG
CCCAATAATG
CAATATAATG
AATTATAATG
TATTATAATG
GATTATAATG
CATTATAATG
CTTTATAATG
CGTTATAATG
CCTTATAATG
CAGTATAATG
CACTATAATG
CAAGATAATG
AATGATAATG
TATGATAATG
GATGATAATG
CATGATAATG
CTTGATAATG
CGTGATAATG
CCTGATAATG
CAGGATAATG
CACGATAATG
CAACATAATG
AATCATAATG
TATCATAATG
GATCATAATG
CATCATAATG
CTTCATAATG
CGTCATAATG
CCTCATAATG
CAGCATAATG
CACCATAATG
AAAATTAATG
TAAATTAATG
GAAATTAATG
CAAATTAATG
CTAATTAATG
CGAATTAATG
CCAATTAATG
AATATTAATG
TATATTAATG
GATATTAATG
CATATTAATG
ATTATTAATG
TTTATTAATG
GTTATTAATG
CTTATTAATG
AGTATTAATG
TGTATTAATG
GGTATTAATG
CGTATTAATG
ACTATTAATG
TCTATTAATG
GCTATTAATG
CCTATTAATG
AAGATTAATG
TAGATTAATG
GAGATTAATG
CAGATTAATG
CTGATTAATG
CGGATTAATG
CCGATTAATG
AACATTAATG
TACATTAATG
GACATTAATG
CACATTAATG
CTCATTAATG
CGCATTAATG
CCCATTAATG
CAATTTAATG
AATTTTAATG
TATTTTAATG
GATTTTAATG
CATTTTAATG
CTTTTTAATG
CGTTTTAATG
CCTTTTAATG
CAGTTTAATG
CACTTTAATG
CAAGTTAATG
AATGTTAATG
TATGTTAATG
GATGTTAATG
CATGTTAATG
CTTGTTAATG
CGTGTTAATG
CCTGTTAATG
CAGGTTAATG
CACGTTAATG
CAACTTAATG
AATCTTAATG
TATCTTAATG
GATCTTAATG
CATCTTAATG
CTTCTTAATG
CGTCTTAATG
CCTCTTAATG
CAGCTTAATG
CACCTTAATG
AAAAGTAATG
TAAAGTAATG
GAAAGTAATG
CAAAGTAATG
CTAAGTAATG
CGAAGTAATG
CCAAGTAATG
AATAGTAATG
TATAGTAATG
GATAGTAATG
CATAGTAATG
ATTAGTAATG
TTTAGTAATG
GTTAGTAATG
CTTAGTAATG
AGTAGTAATG
TGTAGTAATG
GGTAGTAATG
CGTAGTAATG
ACTAGTAATG
TCTAGTAATG
GCTAGTAATG
CCTAGTAATG
AAGAGTAATG
TAGAGTAATG
GAGAGTAATG
CAGAGTAATG
CTGAGTAATG
CGGAGTAATG
CCGAGTAATG
AACAGTAATG
TACAGTAATG
GACAGTAATG
CACAGTAATG
CTCAGTAATG
CGCAGTAATG
CCCAGTAATG
CAATGTAATG
AATTGTAATG
TATTGTAATG
GATTGTAATG
CATTGTAATG
CTTTGTAATG
CGTTGTAATG
CCTTGTAATG
CAGTGTAATG
CACTGTAATG
CAAGGTAATG
AATGGTAATG
TATGGTAATG
GATGGTAATG
CATGGTAATG
CTTGGTAATG
CGTGGTAATG
CCTGGTAATG
CAGGGTAATG
CACGGTAATG
CAACGTAATG
AATCGTAATG
TATCGTAATG
GATCGTAATG
CATCGTAATG
CTTCGTAATG
CGTCGTAATG
CCTCGTAATG
CAGCGTAATG
CACCGTAATG
AAAACTAATG
TAAACTAATG
GAAACTAATG
CAAACTAATG
ATAACTAATG
TTAACTAATG
GTAACTAATG
CTAACTAATG
AGAACTAATG
TGAACTAATG
GGAACTAATG
CGAACTAATG
ACAACTAATG
TCAACTAATG
GCAACTAATG
CCAACTAATG
AATACTAATG
TATACTAATG
GATACTAATG
CATACTAATG
ATTACTAATG
TTTACTAATG
GTTACTAATG
CTTACTAATG
AGTACTAATG
TGTACTAATG
GGTACTAATG
CGTACTAATG
ACTACTAATG
TCTACTAATG
GCTACTAATG
CCTACTAATG
AAGACTAATG
TAGACTAATG
GAGACTAATG
CAGACTAATG
ATGACTAATG
TTGACTAATG
GTGACTAATG
CTGACTAATG
AGGACTAATG
TGGACTAATG
GGGACTAATG
CGGACTAATG
ACGACTAATG
TCGACTAATG
GCGACTAATG
CCGACTAATG
AACACTAATG
TACACTAATG
GACACTAATG
CACACTAATG
ATCACTAATG
TTCACTAATG
GTCACTAATG
CTCACTAATG
AGCACTAATG
TGCACTAATG
GGCACTAATG
CGCACTAATG
ACCACTAATG
TCCACTAATG
GCCACTAATG
CCCACTAATG
AAATCTAATG
TAATCTAATG
GAATCTAATG
CAATCTAATG
CTATCTAATG
CGATCTAATG
CCATCTAATG
AATTCTAATG
TATTCTAATG
GATTCTAATG
CATTCTAATG
ATTTCTAATG
TTTTCTAATG
GTTTCTAATG
CTTTCTAATG
AGTTCTAATG
TGTTCTAATG
GGTTCTAATG
CGTTCTAATG
ACTTCTAATG
TCTTCTAATG
GCTTCTAATG
CCTTCTAATG
AAGTCTAATG
TAGTCTAATG
GAGTCTAATG
CAGTCTAATG
CTGTCTAATG
CGGTCTAATG
CCGTCTAATG
AACTCTAATG
TACTCTAATG
GACTCTAATG
CACTCTAATG
CTCTCTAATG
CGCTCTAATG
CCCTCTAATG
AAAGCTAATG
TAAGCTAATG
GAAGCTAATG
CAAGCTAATG
CTAGCTAATG
CGAGCTAATG
CCAGCTAATG
AATGCTAATG
TATGCTAATG
GATGCTAATG
CATGCTAATG
ATTGCTAATG
TTTGCTAATG
GTTGCTAATG
CTTGCTAATG
AGTGCTAATG
TGTGCTAATG
GGTGCTAATG
CGTGCTAATG
ACTGCTAATG
TCTGCTAATG
GCTGCTAATG
CCTGCTAATG
AAGGCTAATG
TAGGCTAATG
GAGGCTAATG
CAGGCTAATG
CTGGCTAATG
CGGGCTAATG
CCGGCTAATG
AACGCTAATG
TACGCTAATG
GACGCTAATG
CACGCTAATG
CTCGCTAATG
CGCGCTAATG
CCCGCTAATG
AAACCTAATG
TAACCTAATG
GAACCTAATG
CAACCTAATG
CTACCTAATG
CGACCTAATG
CCACCTAATG
AATCCTAATG
TATCCTAATG
GATCCTAATG
CATCCTAATG
ATTCCTAATG
TTTCCTAATG
GTTCCTAATG
CTTCCTAATG
AGTCCTAATG
TGTCCTAATG
GGTCCTAATG
CGTCCTAATG
ACTCCTAATG
TCTCCTAATG
GCTCCTAATG
CCTCCTAATG
AAGCCTAATG
TAGCCTAATG
GAGCCTAATG
CAGCCTAATG
CTGCCTAATG
CGGCCTAATG
CCGCCTAATG
AACCCTAATG
TACCCTAATG
GACCCTAATG
CACCCTAATG
CTCCCTAATG
CGCCCTAATG
CCCCCTAATG
CAAAAGAATG
AATAAGAATG
TATAAGAATG
GATAAGAATG
CATAAGAATG
CTTAAGAATG
CGTAAGAATG
CCTAAGAATG
CAGAAGAATG
CACAAGAATG
CATTAGAATG
CATGAGAATG
CATCAGAATG
CAAATGAATG
AATATGAATG
TATATGAATG
GATATGAATG
CATATGAATG
CTTATGAATG
CGTATGAATG
CCTATGAATG
CAGATGAATG
CACATGAATG
CATTTGAATG
CATGTGAATG
CATCTGAATG
CAAAGGAATG
AATAGGAATG
TATAGGAATG
GATAGGAATG
CATAGGAATG
CTTAGGAATG
CGTAGGAATG
CCTAGGAATG
CAGAGGAATG
CACAGGAATG
CATTGGAATG
CATGGGAATG
CATCGGAATG
AAAACGAATG
TAAACGAATG
GAAACGAATG
CAAACGAATG
CTAACGAATG
CGAACGAATG
CCAACGAATG
AATACGAATG
TATACGAATG
GATACGAATG
CATACGAATG
ATTACGAATG
TTTACGAATG
GTTACGAATG
CTTACGAATG
AGTACGAATG
TGTACGAATG
GGTACGAATG
CGTACGAATG
ACTACGAATG
TCTACGAATG
GCTACGAATG
CCTACGAATG
AAGACGAATG
TAGACGAATG
GAGACGAATG
CAGACGAATG
CTGACGAATG
CGGACGAATG
CCGACGAATG
AACACGAATG
TACACGAATG
GACACGAATG
CACACGAATG
CTCACGAATG
CGCACGAATG
CCCACGAATG
CAATCGAATG
AATTCGAATG
TATTCGAATG
GATTCGAATG
CATTCGAATG
CTTTCGAATG
CGTTCGAATG
CCTTCGAATG
CAGTCGAATG
CACTCGAATG
CAAGCGAATG
AATGCGAATG
TATGCGAATG
GATGCGAATG
CATGCGAATG
CTTGCGAATG
CGTGCGAATG
CCTGCGAATG
CAGGCGAATG
CACGCGAATG
CAACCGAATG
AATCCGAATG
TATCCGAATG
GATCCGAATG
CATCCGAATG
CTTCCGAATG
CGTCCGAATG
CCTCCGAATG
CAGCCGAATG
CACCCGAATG
CAAAACAATG
AATAACAATG
TATAACAATG
GATAACAATG
CATAACAATG
CTTAACAATG
CGTAACAATG
CCTAACAATG
CAGAACAATG
CACAACAATG
CATTACAATG
CATGACAATG
CATCACAATG
CAAATCAATG
AATATCAATG
TATATCAATG
GATATCAATG
CATATCAATG
CTTATCAATG
CGTATCAATG
CCTATCAATG
CAGATCAATG
CACATCAATG
CATTTCAATG
CATGTCAATG
CATCTCAATG
CAAAGCAATG
AATAGCAATG
TATAGCAATG
GATAGCAATG
CATAGCAATG
CTTAGCAATG
CGTAGCAATG
CCTAGCAATG
CAGAGCAATG
CACAGCAATG
CATTGCAATG
CATGGCAATG
CATCGCAATG
AAAACCAATG
TAAACCAATG
GAAACCAATG
CAAACCAATG
CTAACCAATG
CGAACCAATG
CCAACCAATG
AATACCAATG
TATACCAATG
GATACCAATG
CATACCAATG
ATTACCAATG
TTTACCAATG
GTTACCAATG
CTTACCAATG
AGTACCAATG
TGTACCAATG
GGTACCAATG
CGTACCAATG
ACTACCAATG
TCTACCAATG
GCTACCAATG
CCTACCAATG
AAGACCAATG
TAGACCAATG
GAGACCAATG
CAGACCAATG
CTGACCAATG
CGGACCAATG
CCGACCAATG
AACACCAATG
TACACCAATG
GACACCAATG
CACACCAATG
CTCACCAATG
CGCACCAATG
CCCACCAATG
CAATCCAATG
AATTCCAATG
TATTCCAATG
GATTCCAATG
CATTCCAATG
CTTTCCAATG
CGTTCCAATG
CCTTCCAATG
CAGTCCAATG
CACTCCAATG
CAAGCCAATG
AATGCCAATG
TATGCCAATG
GATGCCAATG
CATGCCAATG
CTTGCCAATG
CGTGCCAATG
CCTGCCAATG
CAGGCCAATG
CACGCCAATG
CAACCCAATG
AATCCCAATG
TATCCCAATG
GATCCCAATG
CATCCCAATG
CTTCCCAATG
CGTCCCAATG
CCTCCCAATG
CAGCCCAATG
CACCCCAATG
CATAAATATG
CATATATATG
CATAGATATG
CAAACATATG
AATACATATG
TATACATATG
GATACATATG
CATACATATG
CTTACATATG
CGTACATATG
CCTACATATG
CAGACATATG
CACACATATG
CATTCATATG
CATGCATATG
CATCCATATG
CAAAATTATG
AATAATTATG
TATAATTATG
GATAATTATG
CATAATTATG
CTTAATTATG
CGTAATTATG
CCTAATTATG
CAGAATTATG
CACAATTATG
CATTATTATG
CATGATTATG
CATCATTATG
CAAATTTATG
AATATTTATG
TATATTTATG
GATATTTATG
CATATTTATG
CTTATTTATG
CGTATTTATG
CCTATTTATG
CAGATTTATG
CACATTTATG
CATTTTTATG
CATGTTTATG
CATCTTTATG
CAAAGTTATG
AATAGTTATG
TATAGTTATG
GATAGTTATG
CATAGTTATG
CTTAGTTATG
CGTAGTTATG
CCTAGTTATG
CAGAGTTATG
CACAGTTATG
CATTGTTATG
CATGGTTATG
CATCGTTATG
AAAACTTATG
TAAACTTATG
GAAACTTATG
CAAACTTATG
CTAACTTATG
CGAACTTATG
CCAACTTATG
AATACTTATG
TATACTTATG
GATACTTATG
CATACTTATG
ATTACTTATG
TTTACTTATG
GTTACTTATG
CTTACTTATG
AGTACTTATG
TGTACTTATG
GGTACTTATG
CGTACTTATG
ACTACTTATG
TCTACTTATG
GCTACTTATG
CCTACTTATG
AAGACTTATG
TAGACTTATG
GAGACTTATG
CAGACTTATG
CTGACTTATG
CGGACTTATG
CCGACTTATG
AACACTTATG
TACACTTATG
GACACTTATG
CACACTTATG
CTCACTTATG
CGCACTTATG
CCCACTTATG
CAATCTTATG
AATTCTTATG
TATTCTTATG
GATTCTTATG
CATTCTTATG
CTTTCTTATG
CGTTCTTATG
CCTTCTTATG
CAGTCTTATG
CACTCTTATG
CAAGCTTATG
AATGCTTATG
TATGCTTATG
GATGCTTATG
CATGCTTATG
CTTGCTTATG
CGTGCTTATG
CCTGCTTATG
CAGGCTTATG
CACGCTTATG
CAACCTTATG
AATCCTTATG
TATCCTTATG
GATCCTTATG
CATCCTTATG
CTTCCTTATG
CGTCCTTATG
CCTCCTTATG
CAGCCTTATG
CACCCTTATG
CATAAGTATG
CATATGTATG
CATAGGTATG
CAAACGTATG
AATACGTATG
TATACGTATG
GATACGTATG
CATACGTATG
CTTACGTATG
CGTACGTATG
CCTACGTATG
CAGACGTATG
CACACGTATG
CATTCGTATG
CATGCGTATG
CATCCGTATG
CATAACTATG
CATATCTATG
CATAGCTATG
CAAACCTATG
AATACCTATG
TATACCTATG
GATACCTATG
CATACCTATG
CTTACCTATG
CGTACCTATG
CCTACCTATG
CAGACCTATG
CACACCTATG
CATTCCTATG
CATGCCTATG
CATCCCTATG
CATAAAGATG
CATATAGATG
CATAGAGATG
CAAACAGATG
AATACAGATG
TATACAGATG
GATACAGATG
CATACAGATG
CTTACAGATG
CGTACAGATG
CCTACAGATG
CAGACAGATG
CACACAGATG
CATTCAGATG
CATGCAGATG
CATCCAGATG
CAAAATGATG
AATAATGATG
TATAATGATG
GATAATGATG
CATAATGATG
CTTAATGATG
CGTAATGATG
CCTAATGATG
CAGAATGATG
CACAATGATG
CATTATGATG
CATGATGATG
CATCATGATG
CAAATTGATG
AATATTGATG
TATATTGATG
GATATTGATG
CATATTGATG
CTTATTGATG
CGTATTGATG
CCTATTGATG
CAGATTGATG
CACATTGATG
CATTTTGATG
CATGTTGATG
CATCTTGATG
CAAAGTGATG
AATAGTGATG
TATAGTGATG
GATAGTGATG
CATAGTGATG
CTTAGTGATG
CGTAGTGATG
CCTAGTGATG
CAGAGTGATG
CACAGTGATG
CATTGTGATG
CATGGTGATG
CATCGTGATG
AAAACTGATG
TAAACTGATG
GAAACTGATG
CAAACTGATG
CTAACTGATG
CGAACTGATG
CCAACTGATG
AATACTGATG
TATACTGATG
GATACTGATG
CATACTGATG
ATTACTGATG
TTTACTGATG
GTTACTGATG
CTTACTGATG
AGTACTGATG
TGTACTGATG
GGTACTGATG
CGTACTGATG
ACTACTGATG
TCTACTGATG
GCTACTGATG
CCTACTGATG
AAGACTGATG
TAGACTGATG
GAGACTGATG
CAGACTGATG
CTGACTGATG
CGGACTGATG
CCGACTGATG
AACACTGATG
TACACTGATG
GACACTGATG
CACACTGATG
CTCACTGATG
CGCACTGATG
CCCACTGATG
CAATCTGATG
AATTCTGATG
TATTCTGATG
GATTCTGATG
CATTCTGATG
CTTTCTGATG
CGTTCTGATG
CCTTCTGATG
CAGTCTGATG
CACTCTGATG
CAAGCTGATG
AATGCTGATG
TATGCTGATG
GATGCTGATG
CATGCTGATG
CTTGCTGATG
CGTGCTGATG
CCTGCTGATG
CAGGCTGATG
CACGCTGATG
CAACCTGATG
AATCCTGATG
TATCCTGATG
GATCCTGATG
CATCCTGATG
CTTCCTGATG
CGTCCTGATG
CCTCCTGATG
CAGCCTGATG
CACCCTGATG
CATAAGGATG
CATATGGATG
CATAGGGATG
CAAACGGATG
AATACGGATG
TATACGGATG
GATACGGATG
CATACGGATG
CTTACGGATG
CGTACGGATG
CCTACGGATG
CAGACGGATG
CACACGGATG
CATTCGGATG
CATGCGGATG
CATCCGGATG
CATAACGATG
CATATCGATG
CATAGCGATG
CAAACCGATG
AATACCGATG
TATACCGATG
GATACCGATG
CATACCGATG
CTTACCGATG
CGTACCGATG
CCTACCGATG
CAGACCGATG
CACACCGATG
CATTCCGATG
CATGCCGATG
CATCCCGATG
CATAAACATG
CATATACATG
CATAGACATG
CAAACACATG
AATACACATG
TATACACATG
GATACACATG
CATACACATG
CTTACACATG
CGTACACATG
CCTACACATG
CAGACACATG
CACACACATG
CATTCACATG
CATGCACATG
CATCCACATG
CAAAATCATG
AATAATCATG
TATAATCATG
GATAATCATG
CATAATCATG
CTTAATCATG
CGTAATCATG
CCTAATCATG
CAGAATCATG
CACAATCATG
CATTATCATG
CATGATCATG
CATCATCATG
CAAATTCATG
AATATTCATG
TATATTCATG
GATATTCATG
CATATTCATG
CTTATTCATG
CGTATTCATG
CCTATTCATG
CAGATTCATG
CACATTCATG
CATTTTCATG
CATGTTCATG
CATCTTCATG
CAAAGTCATG
AATAGTCATG
TATAGTCATG
GATAGTCATG
CATAGTCATG
CTTAGTCATG
CGTAGTCATG
CCTAGTCATG
CAGAGTCATG
CACAGTCATG
CATTGTCATG
CATGGTCATG
CATCGTCATG
AAAACTCATG
TAAACTCATG
GAAACTCATG
CAAACTCATG
CTAACTCATG
CGAACTCATG
CCAACTCATG
AATACTCATG
TATACTCATG
GATACTCATG
CATACTCATG
ATTACTCATG
TTTACTCATG
GTTACTCATG
CTTACTCATG
AGTACTCATG
TGTACTCATG
GGTACTCATG
CGTACTCATG
ACTACTCATG
TCTACTCATG
GCTACTCATG
CCTACTCATG
AAGACTCATG
TAGACTCATG
GAGACTCATG
CAGACTCATG
CTGACTCATG
CGGACTCATG
CCGACTCATG
AACACTCATG
TACACTCATG
GACACTCATG
CACACTCATG
CTCACTCATG
CGCACTCATG
CCCACTCATG
CAATCTCATG
AATTCTCATG
TATTCTCATG
GATTCTCATG
CATTCTCATG
CTTTCTCATG
CGTTCTCATG
CCTTCTCATG
CAGTCTCATG
CACTCTCATG
CAAGCTCATG
AATGCTCATG
TATGCTCATG
GATGCTCATG
CATGCTCATG
CTTGCTCATG
CGTGCTCATG
CCTGCTCATG
CAGGCTCATG
CACGCTCATG
CAACCTCATG
AATCCTCATG
TATCCTCATG
GATCCTCATG
CATCCTCATG
CTTCCTCATG
CGTCCTCATG
CCTCCTCATG
CAGCCTCATG
CACCCTCATG
CATAAGCATG
CATATGCATG
CATAGGCATG
CAAACGCATG
AATACGCATG
TATACGCATG
GATACGCATG
CATACGCATG
CTTACGCATG
CGTACGCATG
CCTACGCATG
CAGACGCATG
CACACGCATG
CATTCGCATG
CATGCGCATG
CATCCGCATG
CATAACCATG
CATATCCATG
CATAGCCATG
CAAACCCATG
AATACCCATG
TATACCCATG
GATACCCATG
CATACCCATG
CTTACCCATG
CGTACCCATG
CCTACCCATG
CAGACCCATG
CACACCCATG
CATTCCCATG
CATGCCCATG
CATCCCCATG
CATAAAATTG
CATATAATTG
CATAGAATTG
CAAACAATTG
AATACAATTG
TATACAATTG
GATACAATTG
CATACAATTG
CTTACAATTG
CGTACAATTG
CCTACAATTG
CAGACAATTG
CACACAATTG
CATTCAATTG
CATGCAATTG
CATCCAATTG
CAAAATATTG
AATAATATTG
TATAATATTG
GATAATATTG
CATAATATTG
CTTAATATTG
CGTAATATTG
CCTAATATTG
CAGAATATTG
CACAATATTG
CATTATATTG
CATGATATTG
CATCATATTG
CAAATTATTG
AATATTATTG
TATATTATTG
GATATTATTG
CATATTATTG
CTTATTATTG
CGTATTATTG
CCTATTATTG
CAGATTATTG
CACATTATTG
CATTTTATTG
CATGTTATTG
CATCTTATTG
CAAAGTATTG
AATAGTATTG
TATAGTATTG
GATAGTATTG
CATAGTATTG
CTTAGTATTG
CGTAGTATTG
CCTAGTATTG
CAGAGTATTG
CACAGTATTG
CATTGTATTG
CATGGTATTG
CATCGTATTG
AAAACTATTG
TAAACTATTG
GAAACTATTG
CAAACTATTG
CTAACTATTG
CGAACTATTG
CCAACTATTG
AATACTATTG
TATACTATTG
GATACTATTG
CATACTATTG
ATTACTATTG
TTTACTATTG
GTTACTATTG
CTTACTATTG
AGTACTATTG
TGTACTATTG
GGTACTATTG
CGTACTATTG
ACTACTATTG
TCTACTATTG
GCTACTATTG
CCTACTATTG
AAGACTATTG
TAGACTATTG
GAGACTATTG
CAGACTATTG
CTGACTATTG
CGGACTATTG
CCGACTATTG
AACACTATTG
TACACTATTG
GACACTATTG
CACACTATTG
CTCACTATTG
CGCACTATTG
CCCACTATTG
CAATCTATTG
AATTCTATTG
TATTCTATTG
GATTCTATTG
CATTCTATTG
CTTTCTATTG
CGTTCTATTG
CCTTCTATTG
CAGTCTATTG
CACTCTATTG
CAAGCTATTG
AATGCTATTG
TATGCTATTG
GATGCTATTG
CATGCTATTG
CTTGCTATTG
CGTGCTATTG
CCTGCTATTG
CAGGCTATTG
CACGCTATTG
CAACCTATTG
AATCCTATTG
TATCCTATTG
GATCCTATTG
CATCCTATTG
CTTCCTATTG
CGTCCTATTG
CCTCCTATTG
CAGCCTATTG
CACCCTATTG
CATAAGATTG
CATATGATTG
CATAGGATTG
CAAACGATTG
AATACGATTG
TATACGATTG
GATACGATTG
CATACGATTG
CTTACGATTG
CGTACGATTG
CCTACGATTG
CAGACGATTG
CACACGATTG
CATTCGATTG
CATGCGATTG
CATCCGATTG
CATAACATTG
CATATCATTG
CATAGCATTG
CAAACCATTG
AATACCATTG
TATACCATTG
GATACCATTG
CATACCATTG
CTTACCATTG
CGTACCATTG
CCTACCATTG
CAGACCATTG
CACACCATTG
CATTCCATTG
CATGCCATTG
CATCCCATTG
CATACATTTG
CATAATTTTG
CATATTTTTG
CATAGTTTTG
CAAACTTTTG
AATACTTTTG
TATACTTTTG
GATACTTTTG
CATACTTTTG
CTTACTTTTG
CGTACTTTTG
CCTACTTTTG
CAGACTTTTG
CACACTTTTG
CATTCTTTTG
CATGCTTTTG
CATCCTTTTG
CATACGTTTG
CATACCTTTG
CATACAGTTG
CATAATGTTG
CATATTGTTG
CATAGTGTTG
CAAACTGTTG
AATACTGTTG
TATACTGTTG
GATACTGTTG
CATACTGTTG
CTTACTGTTG
CGTACTGTTG
CCTACTGTTG
CAGACTGTTG
CACACTGTTG
CATTCTGTTG
CATGCTGTTG
CATCCTGTTG
CATACGGTTG
CATACCGTTG
CATACACTTG
CATAATCTTG
CATATTCTTG
CATAGTCTTG
CAAACTCTTG
AATACTCTTG
TATACTCTTG
GATACTCTTG
CATACTCTTG
CTTACTCTTG
CGTACTCTTG
CCTACTCTTG
CAGACTCTTG
CACACTCTTG
CATTCTCTTG
CATGCTCTTG
CATCCTCTTG
CATACGCTTG
CATACCCTTG
CATAAAAGTG
CATATAAGTG
CATAGAAGTG
CAAACAAGTG
AATACAAGTG
TATACAAGTG
GATACAAGTG
CATACAAGTG
CTTACAAGTG
CGTACAAGTG
CCTACAAGTG
CAGACAAGTG
CACACAAGTG
CATTCAAGTG
CATGCAAGTG
CATCCAAGTG
CAAAATAGTG
AATAATAGTG
TATAATAGTG
GATAATAGTG
CATAATAGTG
CTTAATAGTG
CGTAATAGTG
CCTAATAGTG
CAGAATAGTG
CACAATAGTG
CATTATAGTG
CATGATAGTG
CATCATAGTG
CAAATTAGTG
AATATTAGTG
TATATTAGTG
GATATTAGTG
CATATTAGTG
CTTATTAGTG
CGTATTAGTG
CCTATTAGTG
CAGATTAGTG
CACATTAGTG
CATTTTAGTG
CATGTTAGTG
CATCTTAGTG
CAAAGTAGTG
AATAGTAGTG
TATAGTAGTG
GATAGTAGTG
CATAGTAGTG
CTTAGTAGTG
CGTAGTAGTG
CCTAGTAGTG
CAGAGTAGTG
CACAGTAGTG
CATTGTAGTG
CATGGTAGTG
CATCGTAGTG
AAAACTAGTG
TAAACTAGTG
GAAACTAGTG
CAAACTAGTG
CTAACTAGTG
CGAACTAGTG
CCAACTAGTG
AATACTAGTG
TATACTAGTG
GATACTAGTG
CATACTAGTG
ATTACTAGTG
TTTACTAGTG
GTTACTAGTG
CTTACTAGTG
AGTACTAGTG
TGTACTAGTG
GGTACTAGTG
CGTACTAGTG
ACTACTAGTG
TCTACTAGTG
GCTACTAGTG
CCTACTAGTG
AAGACTAGTG
TAGACTAGTG
GAGACTAGTG
CAGACTAGTG
CTGACTAGTG
CGGACTAGTG
CCGACTAGTG
AACACTAGTG
TACACTAGTG
GACACTAGTG
CACACTAGTG
CTCACTAGTG
CGCACTAGTG
CCCACTAGTG
CAATCTAGTG
AATTCTAGTG
TATTCTAGTG
GATTCTAGTG
CATTCTAGTG
CTTTCTAGTG
CGTTCTAGTG
CCTTCTAGTG
CAGTCTAGTG
CACTCTAGTG
CAAGCTAGTG
AATGCTAGTG
TATGCTAGTG
GATGCTAGTG
CATGCTAGTG
CTTGCTAGTG
CGTGCTAGTG
CCTGCTAGTG
CAGGCTAGTG
CACGCTAGTG
CAACCTAGTG
AATCCTAGTG
TATCCTAGTG
GATCCTAGTG
CATCCTAGTG
CTTCCTAGTG
CGTCCTAGTG
CCTCCTAGTG
CAGCCTAGTG
CACCCTAGTG
CATAAGAGTG
CATATGAGTG
CATAGGAGTG
CAAACGAGTG
AATACGAGTG
TATACGAGTG
GATACGAGTG
CATACGAGTG
CTTACGAGTG
CGTACGAGTG
CCTACGAGTG
CAGACGAGTG
CACACGAGTG
CATTCGAGTG
CATGCGAGTG
CATCCGAGTG
CATAACAGTG
CATATCAGTG
CATAGCAGTG
CAAACCAGTG
AATACCAGTG
TATACCAGTG
GATACCAGTG
CATACCAGTG
CTTACCAGTG
CGTACCAGTG
CCTACCAGTG
CAGACCAGTG
CACACCAGTG
CATTCCAGTG
CATGCCAGTG
CATCCCAGTG
CATACATGTG
CATAATTGTG
CATATTTGTG
CATAGTTGTG
CAAACTTGTG
AATACTTGTG
TATACTTGTG
GATACTTGTG
CATACTTGTG
CTTACTTGTG
CGTACTTGTG
CCTACTTGTG
CAGACTTGTG
CACACTTGTG
CATTCTTGTG
CATGCTTGTG
CATCCTTGTG
CATACGTGTG
CATACCTGTG
CATACAGGTG
CATAATGGTG
CATATTGGTG
CATAGTGGTG
CAAACTGGTG
AATACTGGTG
TATACTGGTG
GATACTGGTG
CATACTGGTG
CTTACTGGTG
CGTACTGGTG
CCTACTGGTG
CAGACTGGTG
CACACTGGTG
CATTCTGGTG
CATGCTGGTG
CATCCTGGTG
CATACGGGTG
CATACCGGTG
CATACACGTG
CATAATCGTG
CATATTCGTG
CATAGTCGTG
CAAACTCGTG
AATACTCGTG
TATACTCGTG
GATACTCGTG
CATACTCGTG
CTTACTCGTG
CGTACTCGTG
CCTACTCGTG
CAGACTCGTG
CACACTCGTG
CATTCTCGTG
CATGCTCGTG
CATCCTCGTG
CATACGCGTG
CATACCCGTG
CATAAAACTG
CATATAACTG
CATAGAACTG
CAAACAACTG
AATACAACTG
TATACAACTG
GATACAACTG
CATACAACTG
CTTACAACTG
CGTACAACTG
CCTACAACTG
CAGACAACTG
CACACAACTG
CATTCAACTG
CATGCAACTG
CATCCAACTG
CAAAATACTG
AATAATACTG
TATAATACTG
GATAATACTG
CATAATACTG
CTTAATACTG
CGTAATACTG
CCTAATACTG
CAGAATACTG
CACAATACTG
CATTATACTG
CATGATACTG
CATCATACTG
CAAATTACTG
AATATTACTG
TATATTACTG
GATATTACTG
CATATTACTG
CTTATTACTG
CGTATTACTG
CCTATTACTG
CAGATTACTG
CACATTACTG
CATTTTACTG
CATGTTACTG
CATCTTACTG
CAAAGTACTG
AATAGTACTG
TATAGTACTG
GATAGTACTG
CATAGTACTG
CTTAGTACTG
CGTAGTACTG
CCTAGTACTG
CAGAGTACTG
CACAGTACTG
CATTGTACTG
CATGGTACTG
CATCGTACTG
AAAACTACTG
TAAACTACTG
GAAACTACTG
CAAACTACTG
CTAACTACTG
CGAACTACTG
CCAACTACTG
AATACTACTG
TATACTACTG
GATACTACTG
CATACTACTG
ATTACTACTG
TTTACTACTG
GTTACTACTG
CTTACTACTG
AGTACTACTG
TGTACTACTG
GGTACTACTG
CGTACTACTG
ACTACTACTG
TCTACTACTG
GCTACTACTG
CCTACTACTG
AAGACTACTG
TAGACTACTG
GAGACTACTG
CAGACTACTG
CTGACTACTG
CGGACTACTG
CCGACTACTG
AACACTACTG
TACACTACTG
GACACTACTG
CACACTACTG
CTCACTACTG
CGCACTACTG
CCCACTACTG
CAATCTACTG
AATTCTACTG
TATTCTACTG
GATTCTACTG
CATTCTACTG
CTTTCTACTG
CGTTCTACTG
CCTTCTACTG
CAGTCTACTG
CACTCTACTG
CAAGCTACTG
AATGCTACTG
TATGCTACTG
GATGCTACTG
CATGCTACTG
CTTGCTACTG
CGTGCTACTG
CCTGCTACTG
CAGGCTACTG
CACGCTACTG
CAACCTACTG
AATCCTACTG
TATCCTACTG
GATCCTACTG
CATCCTACTG
CTTCCTACTG
CGTCCTACTG
CCTCCTACTG
CAGCCTACTG
CACCCTACTG
CATAAGACTG
CATATGACTG
CATAGGACTG
CAAACGACTG
AATACGACTG
TATACGACTG
GATACGACTG
CATACGACTG
CTTACGACTG
CGTACGACTG
CCTACGACTG
CAGACGACTG
CACACGACTG
CATTCGACTG
CATGCGACTG
CATCCGACTG
CATAACACTG
CATATCACTG
CATAGCACTG
CAAACCACTG
AATACCACTG
TATACCACTG
GATACCACTG
CATACCACTG
CTTACCACTG
CGTACCACTG
CCTACCACTG
CAGACCACTG
CACACCACTG
CATTCCACTG
CATGCCACTG
CATCCCACTG
CATACATCTG
CATAATTCTG
CATATTTCTG
CATAGTTCTG
CAAACTTCTG
AATACTTCTG
TATACTTCTG
GATACTTCTG
CATACTTCTG
CTTACTTCTG
CGTACTTCTG
CCTACTTCTG
CAGACTTCTG
CACACTTCTG
CATTCTTCTG
CATGCTTCTG
CATCCTTCTG
CATACGTCTG
CATACCTCTG
CATACAGCTG
CATAATGCTG
CATATTGCTG
CATAGTGCTG
CAAACTGCTG
AATACTGCTG
TATACTGCTG
GATACTGCTG
CATACTGCTG
CTTACTGCTG
CGTACTGCTG
CCTACTGCTG
CAGACTGCTG
CACACTGCTG
CATTCTGCTG
CATGCTGCTG
CATCCTGCTG
CATACGGCTG
CATACCGCTG
CATACACCTG
CATAATCCTG
CATATTCCTG
CATAGTCCTG
CAAACTCCTG
AATACTCCTG
TATACTCCTG
GATACTCCTG
CATACTCCTG
CTTACTCCTG
CGTACTCCTG
CCTACTCCTG
CAGACTCCTG
CACACTCCTG
CATTCTCCTG
CATGCTCCTG
CATCCTCCTG
CATACGCCTG
CATACCCCTG
CATAAAAAGG
CATATAAAGG
CATAGAAAGG
CAAACAAAGG
AATACAAAGG
TATACAAAGG
GATACAAAGG
CATACAAAGG
CTTACAAAGG
CGTACAAAGG
CCTACAAAGG
CAGACAAAGG
CACACAAAGG
CATTCAAAGG
CATGCAAAGG
CATCCAAAGG
CAAAATAAGG
AATAATAAGG
TATAATAAGG
GATAATAAGG
CATAATAAGG
CTTAATAAGG
CGTAATAAGG
CCTAATAAGG
CAGAATAAGG
CACAATAAGG
CATTATAAGG
CATGATAAGG
CATCATAAGG
CAAATTAAGG
AATATTAAGG
TATATTAAGG
GATATTAAGG
CATATTAAGG
CTTATTAAGG
CGTATTAAGG
CCTATTAAGG
CAGATTAAGG
CACATTAAGG
CATTTTAAGG
CATGTTAAGG
CATCTTAAGG
CAAAGTAAGG
AATAGTAAGG
TATAGTAAGG
GATAGTAAGG
CATAGTAAGG
CTTAGTAAGG
CGTAGTAAGG
CCTAGTAAGG
CAGAGTAAGG
CACAGTAAGG
CATTGTAAGG
CATGGTAAGG
CATCGTAAGG
AAAACTAAGG
TAAACTAAGG
GAAACTAAGG
CAAACTAAGG
CTAACTAAGG
CGAACTAAGG
CCAACTAAGG
AATACTAAGG
TATACTAAGG
GATACTAAGG
CATACTAAGG
ATTACTAAGG
TTTACTAAGG
GTTACTAAGG
CTTACTAAGG
AGTACTAAGG
TGTACTAAGG
GGTACTAAGG
CGTACTAAGG
ACTACTAAGG
TCTACTAAGG
GCTACTAAGG
CCTACTAAGG
AAGACTAAGG
TAGACTAAGG
GAGACTAAGG
CAGACTAAGG
CTGACTAAGG
CGGACTAAGG
CCGACTAAGG
AACACTAAGG
TACACTAAGG
GACACTAAGG
CACACTAAGG
CTCACTAAGG
CGCACTAAGG
CCCACTAAGG
CAATCTAAGG
AATTCTAAGG
TATTCTAAGG
GATTCTAAGG
CATTCTAAGG
CTTTCTAAGG
CGTTCTAAGG
CCTTCTAAGG
CAGTCTAAGG
CACTCTAAGG
CAAGCTAAGG
AATGCTAAGG
TATGCTAAGG
GATGCTAAGG
CATGCTAAGG
CTTGCTAAGG
CGTGCTAAGG
CCTGCTAAGG
CAGGCTAAGG
CACGCTAAGG
CAACCTAAGG
AATCCTAAGG
TATCCTAAGG
GATCCTAAGG
CATCCTAAGG
CTTCCTAAGG
CGTCCTAAGG
CCTCCTAAGG
CAGCCTAAGG
CACCCTAAGG
CATAAGAAGG
CATATGAAGG
CATAGGAAGG
CAAACGAAGG
AATACGAAGG
TATACGAAGG
GATACGAAGG
CATACGAAGG
CTTACGAAGG
CGTACGAAGG
CCTACGAAGG
CAGACGAAGG
CACACGAAGG
CATTCGAAGG
CATGCGAAGG
CATCCGAAGG
CATAACAAGG
CATATCAAGG
CATAGCAAGG
CAAACCAAGG
AATACCAAGG
TATACCAAGG
GATACCAAGG
CATACCAAGG
CTTACCAAGG
CGTACCAAGG
CCTACCAAGG
CAGACCAAGG
CACACCAAGG
CATTCCAAGG
CATGCCAAGG
CATCCCAAGG
CATACATAGG
CATAATTAGG
CATATTTAGG
CATAGTTAGG
CAAACTTAGG
AATACTTAGG
TATACTTAGG
GATACTTAGG
CATACTTAGG
CTTACTTAGG
CGTACTTAGG
CCTACTTAGG
CAGACTTAGG
CACACTTAGG
CATTCTTAGG
CATGCTTAGG
CATCCTTAGG
CATACGTAGG
CATACCTAGG
CATACAGAGG
CATAATGAGG
CATATTGAGG
CATAGTGAGG
CAAACTGAGG
AATACTGAGG
TATACTGAGG
GATACTGAGG
CATACTGAGG
CTTACTGAGG
CGTACTGAGG
CCTACTGAGG
CAGACTGAGG
CACACTGAGG
CATTCTGAGG
CATGCTGAGG
CATCCTGAGG
CATACGGAGG
CATACCGAGG
CATACACAGG
CATAATCAGG
CATATTCAGG
CATAGTCAGG
CAAACTCAGG
AATACTCAGG
TATACTCAGG
GATACTCAGG
CATACTCAGG
CTTACTCAGG
CGTACTCAGG
CCTACTCAGG
CAGACTCAGG
CACACTCAGG
CATTCTCAGG
CATGCTCAGG
CATCCTCAGG
CATACGCAGG
CATACCCAGG
CATACAATGG
CATAATATGG
CATATTATGG
CATAGTATGG
CAAACTATGG
AATACTATGG
TATACTATGG
GATACTATGG
CATACTATGG
CTTACTATGG
CGTACTATGG
CCTACTATGG
CAGACTATGG
CACACTATGG
CATTCTATGG
CATGCTATGG
CATCCTATGG
CATACGATGG
CATACCATGG
CATACTTTGG
CATACTGTGG
CATACTCTGG
CATACAAGGG
CATAATAGGG
CATATTAGGG
CATAGTAGGG
CAAACTAGGG
AATACTAGGG
TATACTAGGG
GATACTAGGG
CATACTAGGG
CTTACTAGGG
CGTACTAGGG
CCTACTAGGG
CAGACTAGGG
CACACTAGGG
CATTCTAGGG
CATGCTAGGG
CATCCTAGGG
CATACGAGGG
CATACCAGGG
CATACTTGGG
CATACTGGGG
CATACTCGGG
CATACAACGG
CATAATACGG
CATATTACGG
CATAGTACGG
CAAACTACGG
AATACTACGG
TATACTACGG
GATACTACGG
CATACTACGG
CTTACTACGG
CGTACTACGG
CCTACTACGG
CAGACTACGG
CACACTACGG
CATTCTACGG
CATGCTACGG
CATCCTACGG
CATACGACGG
CATACCACGG
CATACTTCGG
CATACTGCGG
CATACTCCGG
CATAAAAACG
CATATAAACG
CATAGAAACG
CAAACAAACG
AATACAAACG
TATACAAACG
GATACAAACG
CATACAAACG
CTTACAAACG
CGTACAAACG
CCTACAAACG
CAGACAAACG
CACACAAACG
CATTCAAACG
CATGCAAACG
CATCCAAACG
CAAAATAACG
AATAATAACG
TATAATAACG
GATAATAACG
CATAATAACG
CTTAATAACG
CGTAATAACG
CCTAATAACG
CAGAATAACG
CACAATAACG
CATTATAACG
CATGATAACG
CATCATAACG
CAAATTAACG
AATATTAACG
TATATTAACG
GATATTAACG
CATATTAACG
CTTATTAACG
CGTATTAACG
CCTATTAACG
CAGATTAACG
CACATTAACG
CATTTTAACG
CATGTTAACG
CATCTTAACG
CAAAGTAACG
AATAGTAACG
TATAGTAACG
GATAGTAACG
CATAGTAACG
CTTAGTAACG
CGTAGTAACG
CCTAGTAACG
CAGAGTAACG
CACAGTAACG
CATTGTAACG
CATGGTAACG
CATCGTAACG
AAAACTAACG
TAAACTAACG
GAAACTAACG
CAAACTAACG
CTAACTAACG
CGAACTAACG
CCAACTAACG
AATACTAACG
TATACTAACG
GATACTAACG
CATACTAACG
ATTACTAACG
TTTACTAACG
GTTACTAACG
CTTACTAACG
AGTACTAACG
TGTACTAACG
GGTACTAACG
CGTACTAACG
ACTACTAACG
TCTACTAACG
GCTACTAACG
CCTACTAACG
AAGACTAACG
TAGACTAACG
GAGACTAACG
CAGACTAACG
CTGACTAACG
CGGACTAACG
CCGACTAACG
AACACTAACG
TACACTAACG
GACACTAACG
CACACTAACG
CTCACTAACG
CGCACTAACG
CCCACTAACG
CAATCTAACG
AATTCTAACG
TATTCTAACG
GATTCTAACG
CATTCTAACG
CTTTCTAACG
CGTTCTAACG
CCTTCTAACG
CAGTCTAACG
CACTCTAACG
CAAGCTAACG
AATGCTAACG
TATGCTAACG
GATGCTAACG
CATGCTAACG
CTTGCTAACG
CGTGCTAACG
CCTGCTAACG
CAGGCTAACG
CACGCTAACG
CAACCTAACG
AATCCTAACG
TATCCTAACG
GATCCTAACG
CATCCTAACG
CTTCCTAACG
CGTCCTAACG
CCTCCTAACG
CAGCCTAACG
CACCCTAACG
CATAAGAACG
CATATGAACG
CATAGGAACG
CAAACGAACG
AATACGAACG
TATACGAACG
GATACGAACG
CATACGAACG
CTTACGAACG
CGTACGAACG
CCTACGAACG
CAGACGAACG
CACACGAACG
CATTCGAACG
CATGCGAACG
CATCCGAACG
CATAACAACG
CATATCAACG
CATAGCAACG
CAAACCAACG
AATACCAACG
TATACCAACG
GATACCAACG
CATACCAACG
CTTACCAACG
CGTACCAACG
CCTACCAACG
CAGACCAACG
CACACCAACG
CATTCCAACG
CATGCCAACG
CATCCCAACG
CATACATACG
CATAATTACG
CATATTTACG
CATAGTTACG
CAAACTTACG
AATACTTACG
TATACTTACG
GATACTTACG
CATACTTACG
CTTACTTACG
CGTACTTACG
CCTACTTACG
CAGACTTACG
CACACTTACG
CATTCTTACG
CATGCTTACG
CATCCTTACG
CATACGTACG
CATACCTACG
CATACAGACG
CATAATGACG
CATATTGACG
CATAGTGACG
CAAACTGACG
AATACTGACG
TATACTGACG
GATACTGACG
CATACTGACG
CTTACTGACG
CGTACTGACG
CCTACTGACG
CAGACTGACG
CACACTGACG
CATTCTGACG
CATGCTGACG
CATCCTGACG
CATACGGACG
CATACCGACG
CATACACACG
CATAATCACG
CATATTCACG
CATAGTCACG
CAAACTCACG
AATACTCACG
TATACTCACG
GATACTCACG
CATACTCACG
CTTACTCACG
CGTACTCACG
CCTACTCACG
CAGACTCACG
CACACTCACG
CATTCTCACG
CATGCTCACG
CATCCTCACG
CATACGCACG
CATACCCACG
CATACAATCG
CATAATATCG
CATATTATCG
CATAGTATCG
CAAACTATCG
AATACTATCG
TATACTATCG
GATACTATCG
CATACTATCG
CTTACTATCG
CGTACTATCG
CCTACTATCG
CAGACTATCG
CACACTATCG
CATTCTATCG
CATGCTATCG
CATCCTATCG
CATACGATCG
CATACCATCG
CATACTTTCG
CATACTGTCG
CATACTCTCG
CATACAAGCG
CATAATAGCG
CATATTAGCG
CATAGTAGCG
CAAACTAGCG
AATACTAGCG
TATACTAGCG
GATACTAGCG
CATACTAGCG
CTTACTAGCG
CGTACTAGCG
CCTACTAGCG
CAGACTAGCG
CACACTAGCG
CATTCTAGCG
CATGCTAGCG
CATCCTAGCG
CATACGAGCG
CATACCAGCG
CATACTTGCG
CATACTGGCG
CATACTCGCG
CATACAACCG
CATAATACCG
CATATTACCG
CATAGTACCG
CAAACTACCG
AATACTACCG
TATACTACCG
GATACTACCG
CATACTACCG
CTTACTACCG
CGTACTACCG
CCTACTACCG
CAGACTACCG
CACACTACCG
CATTCTACCG
CATGCTACCG
CATCCTACCG
CATACGACCG
CATACCACCG
CATACTTCCG
CATACTGCCG
CATACTCCCG
CATACAAAAC
CATAATAAAC
CATATTAAAC
CATAGTAAAC
CAAACTAAAC
AATACTAAAC
TATACTAAAC
GATACTAAAC
CATACTAAAC
CTTACTAAAC
CGTACTAAAC
CCTACTAAAC
CAGACTAAAC
CACACTAAAC
CATTCTAAAC
CATGCTAAAC
CATCCTAAAC
CATACGAAAC
CATACCAAAC
CATACTTAAC
CATACTGAAC
CATACTCAAC
CATACTATAC
CATACTAGAC
CATACTACAC
CATAAAAATC
CATATAAATC
CATAGAAATC
CAAACAAATC
AATACAAATC
TATACAAATC
GATACAAATC
CATACAAATC
CTTACAAATC
CGTACAAATC
CCTACAAATC
CAGACAAATC
CACACAAATC
CATTCAAATC
CATGCAAATC
CATCCAAATC
CAAAATAATC
AATAATAATC
TATAATAATC
GATAATAATC
CATAATAATC
CTTAATAATC
CGTAATAATC
CCTAATAATC
CAGAATAATC
CACAATAATC
CATTATAATC
CATGATAATC
CATCATAATC
CAAATTAATC
AATATTAATC
TATATTAATC
GATATTAATC
CATATTAATC
CTTATTAATC
CGTATTAATC
CCTATTAATC
CAGATTAATC
CACATTAATC
CATTTTAATC
CATGTTAATC
CATCTTAATC
CAAAGTAATC
AATAGTAATC
TATAGTAATC
GATAGTAATC
CATAGTAATC
CTTAGTAATC
CGTAGTAATC
CCTAGTAATC
CAGAGTAATC
CACAGTAATC
CATTGTAATC
CATGGTAATC
CATCGTAATC
AAAACTAATC
TAAACTAATC
GAAACTAATC
CAAACTAATC
CTAACTAATC
CGAACTAATC
CCAACTAATC
AATACTAATC
TATACTAATC
GATACTAATC
CATACTAATC
ATTACTAATC
TTTACTAATC
GTTACTAATC
CTTACTAATC
AGTACTAATC
TGTACTAATC
GGTACTAATC
CGTACTAATC
ACTACTAATC
TCTACTAATC
GCTACTAATC
CCTACTAATC
AAGACTAATC
TAGACTAATC
GAGACTAATC
CAGACTAATC
CTGACTAATC
CGGACTAATC
CCGACTAATC
AACACTAATC
TACACTAATC
GACACTAATC
CACACTAATC
CTCACTAATC
CGCACTAATC
CCCACTAATC
CAATCTAATC
AATTCTAATC
TATTCTAATC
GATTCTAATC
CATTCTAATC
CTTTCTAATC
CGTTCTAATC
CCTTCTAATC
CAGTCTAATC
CACTCTAATC
CAAGCTAATC
AATGCTAATC
TATGCTAATC
GATGCTAATC
CATGCTAATC
CTTGCTAATC
CGTGCTAATC
CCTGCTAATC
CAGGCTAATC
CACGCTAATC
CAACCTAATC
AATCCTAATC
TATCCTAATC
GATCCTAATC
CATCCTAATC
CTTCCTAATC
CGTCCTAATC
CCTCCTAATC
CAGCCTAATC
CACCCTAATC
CATAAGAATC
CATATGAATC
CATAGGAATC
CAAACGAATC
AATACGAATC
TATACGAATC
GATACGAATC
CATACGAATC
CTTACGAATC
CGTACGAATC
CCTACGAATC
CAGACGAATC
CACACGAATC
CATTCGAATC
CATGCGAATC
CATCCGAATC
CATAACAATC
CATATCAATC
CATAGCAATC
CAAACCAATC
AATACCAATC
TATACCAATC
GATACCAATC
CATACCAATC
CTTACCAATC
CGTACCAATC
CCTACCAATC
CAGACCAATC
CACACCAATC
CATTCCAATC
CATGCCAATC
CATCCCAATC
CATACATATC
CATAATTATC
CATATTTATC
CATAGTTATC
CAAACTTATC
AATACTTATC
TATACTTATC
GATACTTATC
CATACTTATC
CTTACTTATC
CGTACTTATC
CCTACTTATC
CAGACTTATC
CACACTTATC
CATTCTTATC
CATGCTTATC
CATCCTTATC
CATACGTATC
CATACCTATC
CATACAGATC
CATAATGATC
CATATTGATC
CATAGTGATC
CAAACTGATC
AATACTGATC
TATACTGATC
GATACTGATC
CATACTGATC
CTTACTGATC
CGTACTGATC
CCTACTGATC
CAGACTGATC
CACACTGATC
CATTCTGATC
CATGCTGATC
CATCCTGATC
CATACGGATC
CATACCGATC
CATACACATC
CATAATCATC
CATATTCATC
CATAGTCATC
CAAACTCATC
AATACTCATC
TATACTCATC
GATACTCATC
CATACTCATC
CTTACTCATC
CGTACTCATC
CCTACTCATC
CAGACTCATC
CACACTCATC
CATTCTCATC
CATGCTCATC
CATCCTCATC
CATACGCATC
CATACCCATC
CATACAATTC
CATAATATTC
CATATTATTC
CATAGTATTC
CAAACTATTC
AATACTATTC
TATACTATTC
GATACTATTC
CATACTATTC
CTTACTATTC
CGTACTATTC
CCTACTATTC
CAGACTATTC
CACACTATTC
CATTCTATTC
CATGCTATTC
CATCCTATTC
CATACGATTC
CATACCATTC
CATACTTTTC
CATACTGTTC
CATACTCTTC
CATACAAGTC
CATAATAGTC
CATATTAGTC
CATAGTAGTC
CAAACTAGTC
AATACTAGTC
TATACTAGTC
GATACTAGTC
CATACTAGTC
CTTACTAGTC
CGTACTAGTC
CCTACTAGTC
CAGACTAGTC
CACACTAGTC
CATTCTAGTC
CATGCTAGTC
CATCCTAGTC
CATACGAGTC
CATACCAGTC
CATACTTGTC
CATACTGGTC
CATACTCGTC
CATACAACTC
CATAATACTC
CATATTACTC
CATAGTACTC
CAAACTACTC
AATACTACTC
TATACTACTC
GATACTACTC
CATACTACTC
CTTACTACTC
CGTACTACTC
CCTACTACTC
CAGACTACTC
CACACTACTC
CATTCTACTC
CATGCTACTC
CATCCTACTC
CATACGACTC
CATACCACTC
CATACTTCTC
CATACTGCTC
CATACTCCTC
CATACAAAGC
CATAATAAGC
CATATTAAGC
CATAGTAAGC
CAAACTAAGC
AATACTAAGC
TATACTAAGC
GATACTAAGC
CATACTAAGC
CTTACTAAGC
CGTACTAAGC
CCTACTAAGC
CAGACTAAGC
CACACTAAGC
CATTCTAAGC
CATGCTAAGC
CATCCTAAGC
CATACGAAGC
CATACCAAGC
CATACTTAGC
CATACTGAGC
CATACTCAGC
CATACTATGC
CATACTAGGC
CATACTACGC
CATACAAACC
CATAATAACC
CATATTAACC
CATAGTAACC
CAAACTAACC
AATACTAACC
TATACTAACC
GATACTAACC
CATACTAACC
CTTACTAACC
CGTACTAACC
CCTACTAACC
CAGACTAACC
CACACTAACC
CATTCTAACC
CATGCTAACC
CATCCTAACC
CATACGAACC
CATACCAACC
CATACTTACC
CATACTGACC
CATACTCACC
CATACTATCC
CATACTAGCC
CATACTACCC
